\BOOKMARK [1][-]{chapter*.2}{\376\377\000A\000b\000s\000t\000r\000a\000c\000t}{}% 1
\BOOKMARK [1][-]{chapter*.3}{\376\377\000L\000I\000S\000T\000\040\000O\000F\000\040\000T\000A\000B\000L\000E\000S}{}% 2
\BOOKMARK [1][-]{chapter*.3}{\376\377\000L\000I\000S\000T\000\040\000O\000F\000\040\000F\000I\000G\000U\000R\000E\000S}{}% 3
\BOOKMARK [1][-]{chapter*.4}{\376\377\000L\000I\000S\000T\000\040\000O\000F\000\040\000S\000Y\000M\000B\000O\000L\000S\000\040\000A\000N\000D\000\040\000A\000B\000B\000R\000E\000V\000I\000A\000T\000I\000O\000N\000S}{}% 4
\BOOKMARK [0][-]{chapter.1}{\376\377\000I\000n\000t\000r\000o\000d\000u\000c\000t\000i\000o\000n}{}% 5
\BOOKMARK [1][-]{section.1.1}{\376\377\000\040\000F\000o\000r\000m\000a\000t\000\040\000o\000f\000\040\000t\000h\000e\000\040\000t\000h\000e\000s\000i\000s}{chapter.1}% 6
\BOOKMARK [2][-]{subsection.1.1.1}{\376\377\000\040\000T\000a\000b\000l\000e\000\040\000o\000f\000\040\000C\000o\000n\000t\000e\000n\000t\000s}{section.1.1}% 7
\BOOKMARK [2][-]{subsection.1.1.2}{\376\377\000\040\000L\000i\000s\000t\000\040\000o\000f\000\040\000T\000a\000b\000l\000e\000s\000\040\000a\000n\000d\000\040\000F\000i\000g\000u\000r\000e\000s}{section.1.1}% 8
\BOOKMARK [2][-]{subsection.1.1.3}{\376\377\000\040\000L\000i\000s\000t\000\040\000o\000f\000\040\000S\000y\000m\000b\000o\000l\000s\000\040\000a\000n\000d\000\040\000A\000b\000b\000r\000e\000v\000i\000a\000t\000i\000o\000n\000s}{section.1.1}% 9
\BOOKMARK [2][-]{subsection.1.1.4}{\376\377\000\040\000C\000h\000a\000p\000t\000e\000r\000s}{section.1.1}% 10
\BOOKMARK [2][-]{subsection.1.1.5}{\376\377\000\040\000A\000p\000p\000e\000n\000d\000i\000c\000e\000s}{section.1.1}% 11
\BOOKMARK [2][-]{subsection.1.1.6}{\376\377\000\040\000R\000e\000f\000e\000r\000e\000n\000c\000e\000s}{section.1.1}% 12
\BOOKMARK [2][-]{subsection.1.1.7}{\376\377\000\040\000C\000i\000t\000a\000t\000i\000o\000n}{section.1.1}% 13
\BOOKMARK [2][-]{subsection.1.1.8}{\376\377\000\040\000T\000a\000b\000l\000e\000s\000\040\000a\000n\000d\000\040\000F\000i\000g\000u\000r\000e\000s}{section.1.1}% 14
\BOOKMARK [1][-]{section.1.2}{\376\377\000\040\000T\000y\000p\000i\000n\000g\000\040\000I\000n\000s\000t\000r\000u\000c\000t\000i\000o\000n\000s}{chapter.1}% 15
\BOOKMARK [2][-]{subsection.1.2.1}{\376\377\000\040\000G\000e\000n\000e\000r\000a\000l}{section.1.2}% 16
\BOOKMARK [2][-]{subsection.1.2.2}{\376\377\000\040\000C\000h\000a\000p\000t\000e\000r}{section.1.2}% 17
\BOOKMARK [1][-]{section.1.3}{\376\377\000\040\000N\000U\000M\000B\000E\000R\000I\000N\000G\000\040\000I\000N\000S\000T\000R\000U\000C\000T\000I\000O\000N\000S}{chapter.1}% 18
\BOOKMARK [2][-]{subsection.1.3.1}{\376\377\000\040\000P\000a\000g\000e\000\040\000N\000u\000m\000b\000e\000r\000i\000n\000g}{section.1.3}% 19
\BOOKMARK [2][-]{subsection.1.3.2}{\376\377\000\040\000N\000u\000m\000b\000e\000r\000i\000n\000g\000\040\000o\000f\000\040\000C\000h\000a\000p\000t\000e\000r\000s\000,\000\040\000D\000i\000v\000i\000s\000i\000o\000n\000s\000\040\000a\000n\000d\000\040\000S\000u\000b\000d\000i\000v\000i\000s\000i\000o\000n\000s}{section.1.3}% 20
\BOOKMARK [3][-]{subsubsection.1.3.2.1}{\376\377\000A\000\040\000s\000u\000b\000d\000i\000v\000i\000s\000i\000o\000n\000\040\000o\000f\000\040\000t\000h\000e\000\040\000s\000u\000b\000s\000e\000c\000t\000i\000o\000n}{subsection.1.3.2}% 21
\BOOKMARK [2][-]{subsection.1.3.3}{\376\377\000\040\000N\000u\000m\000b\000e\000r\000i\000n\000g\000\040\000o\000f\000\040\000T\000a\000b\000l\000e\000s\000\040\000a\000n\000d\000\040\000F\000i\000g\000u\000r\000e\000s}{section.1.3}% 22
\BOOKMARK [2][-]{subsection.1.3.4}{\376\377\000\040\000N\000u\000m\000b\000e\000r\000i\000n\000g\000\040\000o\000f\000\040\000E\000q\000u\000a\000t\000i\000o\000n\000s}{section.1.3}% 23
\BOOKMARK [0][-]{chapter.2}{\376\377\000L\000i\000t\000e\000r\000a\000t\000u\000r\000e\000\040\000S\000u\000r\000v\000e\000y\000/\000R\000e\000l\000a\000t\000e\000d\000\040\000W\000o\000r\000k}{}% 24
\BOOKMARK [1][-]{section.2.1}{\376\377\000\040\000M\000e\000t\000h\000o\000d\000\040\000o\000f\000\040\000C\000i\000t\000a\000t\000i\000o\000n}{chapter.2}% 25
\BOOKMARK [2][-]{subsection.2.1.1}{\376\377\000\040\000A\000p\000p\000r\000o\000a\000c\000h\000\040\000o\000f\000\040\000W\000a\000l\000d\000r\000o\000n}{section.2.1}% 26
\BOOKMARK [2][-]{subsection.2.1.2}{\376\377\000\040\000A\000p\000p\000r\000o\000a\000c\000h\000\040\000b\000y\000\040\000C\000o\000n\000l\000e\000y}{section.2.1}% 27
\BOOKMARK [2][-]{subsection.2.1.3}{\376\377\000\040\000A\000n\000o\000t\000h\000e\000r\000\040\000a\000p\000p\000r\000o\000a\000c\000h}{section.2.1}% 28
\BOOKMARK [1][-]{section.2.2}{\376\377\000\040\000S\000e\000c\000t\000i\000o\000n\000\040\0002}{chapter.2}% 29
\BOOKMARK [2][-]{subsection.2.2.1}{\376\377\000\040\000S\000u\000b\000s\000e\000c\000t\000i\000o\000n\000\040\0001}{section.2.2}% 30
\BOOKMARK [2][-]{subsection.2.2.2}{\376\377\000\040\000S\000u\000b\000s\000e\000c\000t\000i\000o\000n\000\040\0002}{section.2.2}% 31
\BOOKMARK [1][-]{section.2.3}{\376\377\000\040\000S\000e\000c\000t\000i\000o\000n\000\040\0003}{chapter.2}% 32
\BOOKMARK [2][-]{subsection.2.3.1}{\376\377\000\040\000S\000u\000b\000s\000e\000c\000t\000i\000o\000n\000\040\0001}{section.2.3}% 33
\BOOKMARK [2][-]{subsection.2.3.2}{\376\377\000\040\000S\000u\000b\000s\000e\000c\000t\000i\000o\000n\000\040\0002}{section.2.3}% 34
\BOOKMARK [0][-]{chapter.3}{\376\377\000Y\000o\000u\000r\000\040\000w\000o\000r\000k\000\040\000b\000a\000s\000e\000d\000\040\000t\000i\000t\000l\000e}{}% 35
\BOOKMARK [1][-]{section.3.1}{\376\377\000\040\000V\000i\000e\000w\000\040\000o\000f\000\040\000T\000a\000b\000l\000e\000s}{chapter.3}% 36
\BOOKMARK [1][-]{section.3.2}{\376\377\000\040\000V\000i\000e\000w\000\040\000o\000f\000\040\000F\000i\000g\000u\000r\000e\000s}{chapter.3}% 37
\BOOKMARK [1][-]{section.3.3}{\376\377\000\040\000V\000i\000e\000w\000\040\000o\000f\000\040\000E\000q\000u\000a\000t\000i\000o\000n\000s}{chapter.3}% 38
\BOOKMARK [0][-]{chapter.4}{\376\377\000D\000e\000s\000i\000g\000n\000/\000\040\000P\000s\000e\000u\000d\000o\000c\000o\000d\000e\000/\000\040\000A\000l\000g\000o\000r\000i\000t\000h\000m\000s\000/\000\040\000L\000o\000g\000i\000c}{}% 39
\BOOKMARK [1][-]{section.4.1}{\376\377\000\040\000A\000l\000g\000o\000r\000i\000t\000h\000m\000\040\0001}{chapter.4}% 40
\BOOKMARK [0][-]{chapter.5}{\376\377\000I\000m\000p\000l\000e\000m\000e\000n\000t\000a\000t\000i\000o\000n\000/\000\040\000R\000e\000s\000u\000l\000t\000s\000\040\000a\000n\000d\000\040\000A\000n\000a\000l\000y\000s\000i\000s}{}% 41
\BOOKMARK [0][-]{chapter.6}{\376\377\000C\000o\000m\000p\000a\000r\000i\000s\000o\000n}{}% 42
\BOOKMARK [0][-]{chapter.7}{\376\377\000C\000o\000n\000c\000l\000u\000s\000i\000o\000n\000\040\000a\000n\000d\000\040\000F\000u\000t\000u\000r\000e\000\040\000W\000o\000r\000k}{}% 43
\BOOKMARK [0][-]{section*.9}{\376\377\000A\000P\000P\000E\000N\000D\000I\000X}{}% 44
\BOOKMARK [0][-]{appendix.A}{\376\377\000T\000o\000p\000i\000c\000\040\0001}{}% 45
\BOOKMARK [1][-]{section.A.1}{\376\377\000\040\000S\000e\000c\000t\000i\000o\000n\000\040\0001}{appendix.A}% 46
\BOOKMARK [1][-]{section.A.2}{\376\377\000\040\000S\000e\000c\000t\000i\000o\000n\000\040\0002}{appendix.A}% 47
\BOOKMARK [0][-]{appendix.B}{\376\377\000T\000o\000p\000i\000c\000\040\0002}{}% 48
\BOOKMARK [1][-]{section.B.1}{\376\377\000\040\000S\000e\000c\000t\000i\000o\000n\000\040\0001}{appendix.B}% 49
\BOOKMARK [1][-]{section.B.2}{\376\377\000\040\000S\000e\000c\000t\000i\000o\000n\000\040\0002}{appendix.B}% 50
\BOOKMARK [0][-]{section*.10}{\376\377\000R\000E\000F\000E\000R\000E\000N\000C\000E\000S}{}% 51
