\BOOKMARK [1][-]{chapter*.2}{Abstract}{}% 1
\BOOKMARK [1][-]{chapter*.3}{LIST OF TABLES}{}% 2
\BOOKMARK [1][-]{chapter*.3}{LIST OF FIGURES}{}% 3
\BOOKMARK [1][-]{chapter*.4}{LIST OF SYMBOLS AND ABBREVIATIONS}{}% 4
\BOOKMARK [0][-]{chapter.1}{Introduction}{}% 5
\BOOKMARK [1][-]{section.1.1}{ Format of the thesis}{chapter.1}% 6
\BOOKMARK [2][-]{subsection.1.1.1}{ Table of Contents}{section.1.1}% 7
\BOOKMARK [2][-]{subsection.1.1.2}{ List of Tables and Figures}{section.1.1}% 8
\BOOKMARK [2][-]{subsection.1.1.3}{ List of Symbols and Abbreviations}{section.1.1}% 9
\BOOKMARK [2][-]{subsection.1.1.4}{ Chapters}{section.1.1}% 10
\BOOKMARK [2][-]{subsection.1.1.5}{ Appendices}{section.1.1}% 11
\BOOKMARK [2][-]{subsection.1.1.6}{ References}{section.1.1}% 12
\BOOKMARK [2][-]{subsection.1.1.7}{ Citation}{section.1.1}% 13
\BOOKMARK [2][-]{subsection.1.1.8}{ Tables and Figures}{section.1.1}% 14
\BOOKMARK [1][-]{section.1.2}{ Typing Instructions}{chapter.1}% 15
\BOOKMARK [2][-]{subsection.1.2.1}{ General}{section.1.2}% 16
\BOOKMARK [2][-]{subsection.1.2.2}{ Chapter}{section.1.2}% 17
\BOOKMARK [1][-]{section.1.3}{ NUMBERING INSTRUCTIONS}{chapter.1}% 18
\BOOKMARK [2][-]{subsection.1.3.1}{ Page Numbering}{section.1.3}% 19
\BOOKMARK [2][-]{subsection.1.3.2}{ Numbering of Chapters, Divisions and Subdivisions}{section.1.3}% 20
\BOOKMARK [3][-]{subsubsection.1.3.2.1}{A subdivision of the subsection}{subsection.1.3.2}% 21
\BOOKMARK [2][-]{subsection.1.3.3}{ Numbering of Tables and Figures}{section.1.3}% 22
\BOOKMARK [2][-]{subsection.1.3.4}{ Numbering of Equations}{section.1.3}% 23
\BOOKMARK [0][-]{chapter.2}{Literature Survey/Related Work}{}% 24
\BOOKMARK [1][-]{section.2.1}{ Method of Citation}{chapter.2}% 25
\BOOKMARK [2][-]{subsection.2.1.1}{ Approach of Waldron}{section.2.1}% 26
\BOOKMARK [2][-]{subsection.2.1.2}{ Approach by Conley}{section.2.1}% 27
\BOOKMARK [2][-]{subsection.2.1.3}{ Another approach}{section.2.1}% 28
\BOOKMARK [1][-]{section.2.2}{ Section 2}{chapter.2}% 29
\BOOKMARK [2][-]{subsection.2.2.1}{ Subsection 1}{section.2.2}% 30
\BOOKMARK [2][-]{subsection.2.2.2}{ Subsection 2}{section.2.2}% 31
\BOOKMARK [1][-]{section.2.3}{ Section 3}{chapter.2}% 32
\BOOKMARK [2][-]{subsection.2.3.1}{ Subsection 1}{section.2.3}% 33
\BOOKMARK [2][-]{subsection.2.3.2}{ Subsection 2}{section.2.3}% 34
\BOOKMARK [0][-]{chapter.3}{Your work based title}{}% 35
\BOOKMARK [1][-]{section.3.1}{ View of Tables}{chapter.3}% 36
\BOOKMARK [1][-]{section.3.2}{ View of Figures}{chapter.3}% 37
\BOOKMARK [1][-]{section.3.3}{ View of Equations}{chapter.3}% 38
\BOOKMARK [0][-]{chapter.4}{Design/ Pseudocode/ Algorithms/ Logic}{}% 39
\BOOKMARK [1][-]{section.4.1}{ Algorithm 1}{chapter.4}% 40
\BOOKMARK [0][-]{chapter.5}{Implementation/ Results and Analysis}{}% 41
\BOOKMARK [0][-]{chapter.6}{Comparison}{}% 42
\BOOKMARK [0][-]{chapter.7}{Conclusion and Future Work}{}% 43
\BOOKMARK [0][-]{section*.9}{APPENDIX}{}% 44
\BOOKMARK [0][-]{appendix.A}{Topic 1}{}% 45
\BOOKMARK [1][-]{section.A.1}{ Section 1}{appendix.A}% 46
\BOOKMARK [1][-]{section.A.2}{ Section 2}{appendix.A}% 47
\BOOKMARK [0][-]{appendix.B}{Topic 2}{}% 48
\BOOKMARK [1][-]{section.B.1}{ Section 1}{appendix.B}% 49
\BOOKMARK [1][-]{section.B.2}{ Section 2}{appendix.B}% 50
\BOOKMARK [0][-]{section*.10}{REFERENCES}{}% 51
